<?xml version="1.0" encoding="UTF-8"?>
<!-- Generated by org.testng.reporters.JUnitReportReporter -->
<testsuite hostname="a" name="basicAnnotations.Class123" tests="3" failures="0" timestamp="9 Aug 2020 02:54:00 GMT" time="0.203" errors="0">
  <testcase name="spt" time="0.003" classname="basicAnnotations.Class123"/>
  <testcase name="trd" time="0.172" classname="basicAnnotations.Class123"/>
  <testcase name="sst" time="0.028" classname="basicAnnotations.Class123"/>
</testsuite> <!-- basicAnnotations.Class123 -->
