<?xml version="1.0" encoding="UTF-8"?>
<!-- Generated by org.testng.reporters.JUnitReportReporter -->
<testsuite hostname="a" name="basicAnnotations.TestNGFirstClass" tests="3" failures="0" timestamp="8 Aug 2020 06:15:06 GMT" time="0.048" errors="0">
  <testcase name="test2" time="0.019" classname="basicAnnotations.TestNGFirstClass"/>
  <testcase name="test3" time="0.007" classname="basicAnnotations.TestNGFirstClass"/>
  <testcase name="test1" time="0.022" classname="basicAnnotations.TestNGFirstClass"/>
</testsuite> <!-- basicAnnotations.TestNGFirstClass -->
