<?xml version="1.0" encoding="UTF-8"?>
<!-- Generated by org.testng.reporters.JUnitReportReporter -->
<testsuite hostname="a" name="basicAnnotations.TestNGClass4" tests="2" failures="0" timestamp="8 Aug 2020 06:15:06 GMT" time="0.007" errors="0">
  <testcase name="test2" time="0.004" classname="basicAnnotations.TestNGClass4"/>
  <testcase name="test1" time="0.003" classname="basicAnnotations.TestNGClass4"/>
</testsuite> <!-- basicAnnotations.TestNGClass4 -->
