<?xml version="1.0" encoding="UTF-8"?>
<!-- Generated by org.testng.reporters.JUnitReportReporter -->
<testsuite hostname="a" name="basicAnnotations.TestNGClass2" tests="2" failures="0" timestamp="8 Aug 2020 06:15:06 GMT" time="0.012" errors="0">
  <testcase name="test1" time="0.003" classname="basicAnnotations.TestNGClass2"/>
  <testcase name="test2" time="0.009" classname="basicAnnotations.TestNGClass2"/>
</testsuite> <!-- basicAnnotations.TestNGClass2 -->
