<?xml version="1.0" encoding="UTF-8"?>
<!-- Generated by org.testng.reporters.JUnitReportReporter -->
<testsuite hostname="a" name="testScripts.HomePage.HomePage" tests="6" failures="0" timestamp="9 Aug 2020 07:44:31 GMT" time="13.649" errors="0">
  <testcase name="verifyIsMotorCycleVisible" time="0.051" classname="testScripts.HomePage.HomePage"/>
  <testcase name="verifyIsTruckVisible" time="0.040" classname="testScripts.HomePage.HomePage"/>
  <testcase name="verifyIsCamperVisible" time="0.073" classname="testScripts.HomePage.HomePage"/>
  <testcase name="verifyIsAutobileClickable" time="9.176" classname="testScripts.HomePage.HomePage"/>
  <testcase name="verifyIsAutomobileVisible" time="1.008" classname="testScripts.HomePage.HomePage"/>
  <testcase name="verifyIsTruckClickable" time="3.301" classname="testScripts.HomePage.HomePage"/>
</testsuite> <!-- testScripts.HomePage.HomePage -->
