<?xml version="1.0" encoding="UTF-8"?>
<!-- Generated by org.testng.reporters.JUnitReportReporter -->
<testsuite hostname="a" name="testScripts.HomePage.HomePage" tests="3" failures="0" timestamp="15 Aug 2020 03:26:24 GMT" time="7.037" errors="0">
  <testcase name="verifyIsAutomobileClickable" time="4.745" classname="testScripts.HomePage.HomePage"/>
  <testcase name="verifyIsTruckClickable" time="2.116" classname="testScripts.HomePage.HomePage"/>
  <testcase name="verifyIsHomepageVisible" time="0.176" classname="testScripts.HomePage.HomePage"/>
</testsuite> <!-- testScripts.HomePage.HomePage -->
