<?xml version="1.0" encoding="UTF-8"?>
<!-- Generated by org.testng.reporters.JUnitReportReporter -->
<testsuite hostname="a" name="testScripts.Motorcycle.SelectPriceOption" tests="5" failures="0" timestamp="27 Aug 2020 07:05:39 GMT" time="2.182" errors="0">
  <testcase name="verifyIsSelectpriceoptiontext" time="0.526" classname="testScripts.Motorcycle.SelectPriceOption"/>
  <testcase name="verifyIsSelectpriceoption1text" time="0.245" classname="testScripts.Motorcycle.SelectPriceOption"/>
  <testcase name="verifyIsSelectpriceoptionVisible" time="0.579" classname="testScripts.Motorcycle.SelectPriceOption"/>
  <testcase name="verifyIsSelectpriceoptionClickable" time="0.688" classname="testScripts.Motorcycle.SelectPriceOption"/>
  <testcase name="verifyIsSelectpriceoption1Clickable" time="0.144" classname="testScripts.Motorcycle.SelectPriceOption"/>
</testsuite> <!-- testScripts.Motorcycle.SelectPriceOption -->
