<?xml version="1.0" encoding="UTF-8"?>
<!-- Generated by org.testng.reporters.JUnitReportReporter -->
<testsuite hostname="a" name="testScripts.Motorcycle.EnterInsuranceDataPrachee" tests="15" failures="0" timestamp="21 Aug 2020 07:38:51 GMT" time="1.417" errors="3">
  <testcase name="hobbiesOptionsVisible" time="0.000" classname="testScripts.Motorcycle.EnterInsuranceDataPrachee">
    <error type="org.testng.TestNGException" message="
Data Provider public java.lang.String[] testScripts.Motorcycle.EnterInsuranceDataPrachee.hobbiesOptions() throws java.io.IOException must return either Object[][] or Iterator&lt;Object&gt;[], not class [Ljava.lang.String;">
      <![CDATA[org.testng.TestNGException: 
Data Provider public java.lang.String[] testScripts.Motorcycle.EnterInsuranceDataPrachee.hobbiesOptions() throws java.io.IOException must return either Object[][] or Iterator<Object>[], not class [Ljava.lang.String;
	at org.testng.internal.MethodInvocationHelper.invokeDataProvider(MethodInvocationHelper.java:157)
	at org.testng.internal.Parameters.handleParameters(Parameters.java:430)
	at org.testng.internal.Invoker.handleParameters(Invoker.java:1243)
	at org.testng.internal.Invoker.createParameters(Invoker.java:992)
	at org.testng.internal.Invoker.invokeTestMethods(Invoker.java:1082)
	at org.testng.internal.TestMethodWorker.invokeTestMethods(TestMethodWorker.java:129)
	at org.testng.internal.TestMethodWorker.run(TestMethodWorker.java:112)
	at org.testng.TestRunner.privateRun(TestRunner.java:778)
	at org.testng.TestRunner.run(TestRunner.java:632)
	at org.testng.SuiteRunner.runTest(SuiteRunner.java:366)
	at org.testng.SuiteRunner.runSequentially(SuiteRunner.java:361)
	at org.testng.SuiteRunner.privateRun(SuiteRunner.java:319)
	at org.testng.SuiteRunner.run(SuiteRunner.java:268)
	at org.testng.SuiteRunnerWorker.runSuite(SuiteRunnerWorker.java:52)
	at org.testng.SuiteRunnerWorker.run(SuiteRunnerWorker.java:86)
	at org.testng.TestNG.runSuitesSequentially(TestNG.java:1225)
	at org.testng.TestNG.runSuitesLocally(TestNG.java:1150)
	at org.testng.TestNG.runSuites(TestNG.java:1075)
	at org.testng.TestNG.run(TestNG.java:1047)
	at org.testng.remote.AbstractRemoteTestNG.run(AbstractRemoteTestNG.java:126)
	at org.testng.remote.RemoteTestNG.initAndRun(RemoteTestNG.java:137)
	at org.testng.remote.RemoteTestNG.main(RemoteTestNG.java:58)
]]>
    </error>
  </testcase> <!-- hobbiesOptionsVisible -->
  <testcase name="isWebsiteTextBoxVisible" time="0.029" classname="testScripts.Motorcycle.EnterInsuranceDataPrachee"/>
  <testcase name="verifyOnClickNextButton" time="0.291" classname="testScripts.Motorcycle.EnterInsuranceDataPrachee"/>
  <testcase name="invalidWebsitentry" time="0.000" classname="testScripts.Motorcycle.EnterInsuranceDataPrachee">
    <error type="org.testng.TestNGException" message="
Data Provider public java.lang.String[] testScripts.Motorcycle.EnterInsuranceDataPrachee.invalidWebsiteTestData() throws java.io.IOException must return either Object[][] or Iterator&lt;Object&gt;[], not class [Ljava.lang.String;">
      <![CDATA[org.testng.TestNGException: 
Data Provider public java.lang.String[] testScripts.Motorcycle.EnterInsuranceDataPrachee.invalidWebsiteTestData() throws java.io.IOException must return either Object[][] or Iterator<Object>[], not class [Ljava.lang.String;
	at org.testng.internal.MethodInvocationHelper.invokeDataProvider(MethodInvocationHelper.java:157)
	at org.testng.internal.Parameters.handleParameters(Parameters.java:430)
	at org.testng.internal.Invoker.handleParameters(Invoker.java:1243)
	at org.testng.internal.Invoker.createParameters(Invoker.java:992)
	at org.testng.internal.Invoker.invokeTestMethods(Invoker.java:1082)
	at org.testng.internal.TestMethodWorker.invokeTestMethods(TestMethodWorker.java:129)
	at org.testng.internal.TestMethodWorker.run(TestMethodWorker.java:112)
	at org.testng.TestRunner.privateRun(TestRunner.java:778)
	at org.testng.TestRunner.run(TestRunner.java:632)
	at org.testng.SuiteRunner.runTest(SuiteRunner.java:366)
	at org.testng.SuiteRunner.runSequentially(SuiteRunner.java:361)
	at org.testng.SuiteRunner.privateRun(SuiteRunner.java:319)
	at org.testng.SuiteRunner.run(SuiteRunner.java:268)
	at org.testng.SuiteRunnerWorker.runSuite(SuiteRunnerWorker.java:52)
	at org.testng.SuiteRunnerWorker.run(SuiteRunnerWorker.java:86)
	at org.testng.TestNG.runSuitesSequentially(TestNG.java:1225)
	at org.testng.TestNG.runSuitesLocally(TestNG.java:1150)
	at org.testng.TestNG.runSuites(TestNG.java:1075)
	at org.testng.TestNG.run(TestNG.java:1047)
	at org.testng.remote.AbstractRemoteTestNG.run(AbstractRemoteTestNG.java:126)
	at org.testng.remote.RemoteTestNG.initAndRun(RemoteTestNG.java:137)
	at org.testng.remote.RemoteTestNG.main(RemoteTestNG.java:58)
]]>
    </error>
  </testcase> <!-- invalidWebsitentry -->
  <testcase name="isNextButtonVisible" time="0.029" classname="testScripts.Motorcycle.EnterInsuranceDataPrachee"/>
  <testcase name="verifyOnClickPrevButton" time="0.439" classname="testScripts.Motorcycle.EnterInsuranceDataPrachee"/>
  <testcase name="validWebsiteEntry" time="0.000" classname="testScripts.Motorcycle.EnterInsuranceDataPrachee">
    <error type="org.testng.TestNGException" message="
Data Provider public java.lang.String[] testScripts.Motorcycle.EnterInsuranceDataPrachee.validWebsiteTestData() throws java.io.IOException must return either Object[][] or Iterator&lt;Object&gt;[], not class [Ljava.lang.String;">
      <![CDATA[org.testng.TestNGException: 
Data Provider public java.lang.String[] testScripts.Motorcycle.EnterInsuranceDataPrachee.validWebsiteTestData() throws java.io.IOException must return either Object[][] or Iterator<Object>[], not class [Ljava.lang.String;
	at org.testng.internal.MethodInvocationHelper.invokeDataProvider(MethodInvocationHelper.java:157)
	at org.testng.internal.Parameters.handleParameters(Parameters.java:430)
	at org.testng.internal.Invoker.handleParameters(Invoker.java:1243)
	at org.testng.internal.Invoker.createParameters(Invoker.java:992)
	at org.testng.internal.Invoker.invokeTestMethods(Invoker.java:1082)
	at org.testng.internal.TestMethodWorker.invokeTestMethods(TestMethodWorker.java:129)
	at org.testng.internal.TestMethodWorker.run(TestMethodWorker.java:112)
	at org.testng.TestRunner.privateRun(TestRunner.java:778)
	at org.testng.TestRunner.run(TestRunner.java:632)
	at org.testng.SuiteRunner.runTest(SuiteRunner.java:366)
	at org.testng.SuiteRunner.runSequentially(SuiteRunner.java:361)
	at org.testng.SuiteRunner.privateRun(SuiteRunner.java:319)
	at org.testng.SuiteRunner.run(SuiteRunner.java:268)
	at org.testng.SuiteRunnerWorker.runSuite(SuiteRunnerWorker.java:52)
	at org.testng.SuiteRunnerWorker.run(SuiteRunnerWorker.java:86)
	at org.testng.TestNG.runSuitesSequentially(TestNG.java:1225)
	at org.testng.TestNG.runSuitesLocally(TestNG.java:1150)
	at org.testng.TestNG.runSuites(TestNG.java:1075)
	at org.testng.TestNG.run(TestNG.java:1047)
	at org.testng.remote.AbstractRemoteTestNG.run(AbstractRemoteTestNG.java:126)
	at org.testng.remote.RemoteTestNG.initAndRun(RemoteTestNG.java:137)
	at org.testng.remote.RemoteTestNG.main(RemoteTestNG.java:58)
]]>
    </error>
  </testcase> <!-- validWebsiteEntry -->
  <testcase name="verifyNextButtonText" time="0.067" classname="testScripts.Motorcycle.EnterInsuranceDataPrachee"/>
  <testcase name="isPictureLabelVisible" time="0.029" classname="testScripts.Motorcycle.EnterInsuranceDataPrachee"/>
  <testcase name="isHobbiesLabelVisible" time="0.047" classname="testScripts.Motorcycle.EnterInsuranceDataPrachee"/>
  <testcase name="isHobbiesCheckBoxVisible" time="0.115" classname="testScripts.Motorcycle.EnterInsuranceDataPrachee"/>
  <testcase name="isWebsiteLabelVisible" time="0.031" classname="testScripts.Motorcycle.EnterInsuranceDataPrachee"/>
  <testcase name="verifyPrevButtonText" time="0.071" classname="testScripts.Motorcycle.EnterInsuranceDataPrachee"/>
  <testcase name="isPrevButtonVisible" time="0.029" classname="testScripts.Motorcycle.EnterInsuranceDataPrachee"/>
  <testcase name="validHobbiesSelection" time="0.240" classname="testScripts.Motorcycle.EnterInsuranceDataPrachee"/>
</testsuite> <!-- testScripts.Motorcycle.EnterInsuranceDataPrachee -->
