<?xml version="1.0" encoding="UTF-8"?>
<!-- Generated by org.testng.reporters.JUnitReportReporter -->
<testsuite hostname="a" name="testScripts.Motorcycle.EnterProductDataPrachee" tests="17" failures="0" timestamp="21 Aug 2020 07:38:51 GMT" time="1.730" errors="0">
  <testcase name="verifyPrevButtonText" time="0.060" classname="testScripts.Motorcycle.EnterProductDataPrachee"/>
  <testcase name="validDamageInsuranceDropDownSelection" time="0.188" classname="testScripts.Motorcycle.EnterProductDataPrachee"/>
  <testcase name="isOptionalProductTextBoxVisible" time="0.044" classname="testScripts.Motorcycle.EnterProductDataPrachee"/>
  <testcase name="validInsuranceDropDown" time="0.202" classname="testScripts.Motorcycle.EnterProductDataPrachee"/>
  <testcase name="isDamageInsuranceDropDownVisible" time="0.035" classname="testScripts.Motorcycle.EnterProductDataPrachee"/>
  <testcase name="isStartDateTextBoxVisible" time="0.037" classname="testScripts.Motorcycle.EnterProductDataPrachee"/>
  <testcase name="validStartDateText" time="0.513" classname="testScripts.Motorcycle.EnterProductDataPrachee"/>
  <testcase name="damageInsuranceLabelVisible" time="0.033" classname="testScripts.Motorcycle.EnterProductDataPrachee"/>
  <testcase name="isCalendarButtonClickable" time="0.199" classname="testScripts.Motorcycle.EnterProductDataPrachee"/>
  <testcase name="isInsuranceSumDropDownVisible" time="0.034" classname="testScripts.Motorcycle.EnterProductDataPrachee"/>
  <testcase name="isOptionalProductsLabelVisible" time="0.045" classname="testScripts.Motorcycle.EnterProductDataPrachee"/>
  <testcase name="checkNextLabelInsSum" time="0.131" classname="testScripts.Motorcycle.EnterProductDataPrachee"/>
  <testcase name="isPrevButtonVisible" time="0.040" classname="testScripts.Motorcycle.EnterProductDataPrachee"/>
  <testcase name="isNextButtonVisible" time="0.045" classname="testScripts.Motorcycle.EnterProductDataPrachee"/>
  <testcase name="isInsuranceSumLabelVisible" time="0.046" classname="testScripts.Motorcycle.EnterProductDataPrachee"/>
  <testcase name="isStartDateLabelVisible" time="0.020" classname="testScripts.Motorcycle.EnterProductDataPrachee"/>
  <testcase name="verifyNextButtonText" time="0.058" classname="testScripts.Motorcycle.EnterProductDataPrachee"/>
</testsuite> <!-- testScripts.Motorcycle.EnterProductDataPrachee -->
