<?xml version="1.0" encoding="UTF-8"?>
<!-- Generated by org.testng.reporters.JUnitReportReporter -->
<testsuite hostname="a" name="apiTesting.Test_Put" tests="1" failures="0" timestamp="23 Aug 2020 07:38:16 GMT" time="8.318" errors="0">
  <testcase name="test3" time="8.318" classname="apiTesting.Test_Put"/>
</testsuite> <!-- apiTesting.Test_Put -->
