<?xml version="1.0" encoding="UTF-8"?>
<!-- Generated by org.testng.reporters.JUnitReportReporter -->
<testsuite hostname="a" name="apiTesting.Test_Post" tests="1" failures="0" timestamp="23 Aug 2020 07:30:56 GMT" time="10.386" errors="0">
  <testcase name="test2" time="10.386" classname="apiTesting.Test_Post"/>
</testsuite> <!-- apiTesting.Test_Post -->
