<?xml version="1.0" encoding="UTF-8"?>
<!-- Generated by org.testng.reporters.JUnitReportReporter -->
<testsuite hostname="a" name="apiTesting.Test_Delete" tests="1" failures="0" timestamp="23 Aug 2020 07:42:00 GMT" time="8.812" errors="0">
  <testcase name="test4" time="8.812" classname="apiTesting.Test_Delete"/>
</testsuite> <!-- apiTesting.Test_Delete -->
