<?xml version="1.0" encoding="UTF-8"?>
<!-- Generated by org.testng.reporters.JUnitReportReporter -->
<testsuite hostname="a" name="apiTesting.Test_Get" tests="1" failures="0" timestamp="23 Aug 2020 07:20:14 GMT" time="8.151" errors="0">
  <testcase name="test1" time="8.151" classname="apiTesting.Test_Get"/>
</testsuite> <!-- apiTesting.Test_Get -->
