<?xml version="1.0" encoding="UTF-8"?>
<!-- Generated by org.testng.reporters.JUnitReportReporter -->
<testsuite hostname="a" name="testScripts.HomePage.HomePage" tests="16" failures="0" timestamp="21 Aug 2020 11:36:54 GMT" time="156.037" errors="0">
  <testcase name="verifyIsCamperClickable" time="5.098" classname="testScripts.HomePage.HomePage"/>
  <testcase name="verifyIsTricentis_aboutClickable" time="20.511" classname="testScripts.HomePage.HomePage"/>
  <testcase name="verifyIsTricentis_resourcesClickable" time="17.562" classname="testScripts.HomePage.HomePage"/>
  <testcase name="verifyHomepagetext" time="2.002" classname="testScripts.HomePage.HomePage"/>
  <testcase name="verifyIsTricentis_productsClickable" time="9.708" classname="testScripts.HomePage.HomePage"/>
  <testcase name="verifyIsSearchsupportClickable" time="27.545" classname="testScripts.HomePage.HomePage"/>
  <testcase name="verifyIsTricentis_eventsClickable" time="14.838" classname="testScripts.HomePage.HomePage"/>
  <testcase name="verifyIsMotorcycleClickable" time="4.535" classname="testScripts.HomePage.HomePage"/>
  <testcase name="verifyIsVisitsupportClickable" time="5.103" classname="testScripts.HomePage.HomePage"/>
  <testcase name="verifyIsNav_googleClickable" time="10.404" classname="testScripts.HomePage.HomePage"/>
  <testcase name="verifyIsNav_facebookClickable" time="8.580" classname="testScripts.HomePage.HomePage"/>
  <testcase name="verifyIsTruckClickable" time="4.115" classname="testScripts.HomePage.HomePage"/>
  <testcase name="verifyIsNav_twitterClickable" time="7.115" classname="testScripts.HomePage.HomePage"/>
  <testcase name="verifyIsAutomobileClickable" time="6.589" classname="testScripts.HomePage.HomePage"/>
  <testcase name="verifyIsTricentis_servicesClickable" time="9.731" classname="testScripts.HomePage.HomePage"/>
  <testcase name="verifyIsHomepageVisible" time="2.601" classname="testScripts.HomePage.HomePage"/>
</testsuite> <!-- testScripts.HomePage.HomePage -->
