<?xml version="1.0" encoding="UTF-8"?>
<!-- Generated by org.testng.reporters.JUnitReportReporter -->
<testsuite hostname="a" name="testScripts.Motorcycle.SelectPriceOption" tests="5" failures="0" timestamp="21 Aug 2020 08:28:58 GMT" time="10.546" errors="0">
  <testcase name="verifyIsSelectpriceoptiontext" time="0.814" classname="testScripts.Motorcycle.SelectPriceOption"/>
  <testcase name="verifyIsSelectpriceoptionVisible" time="8.365" classname="testScripts.Motorcycle.SelectPriceOption"/>
  <testcase name="verifyIsSelectpriceoption1text" time="0.268" classname="testScripts.Motorcycle.SelectPriceOption"/>
  <testcase name="verifyIsSelectpriceoptionClickable" time="0.780" classname="testScripts.Motorcycle.SelectPriceOption"/>
  <testcase name="verifyIsSelectpriceoption1Clickable" time="0.319" classname="testScripts.Motorcycle.SelectPriceOption"/>
</testsuite> <!-- testScripts.Motorcycle.SelectPriceOption -->
