<?xml version="1.0" encoding="UTF-8"?>
<!-- Generated by org.testng.reporters.JUnitReportReporter -->
<testsuite hostname="a" name="testScripts.Motorcycle.SendQuote" tests="13" failures="0" timestamp="21 Aug 2020 11:36:54 GMT" time="13.460" errors="0">
  <testcase name="verifyIsEmailVisible" time="0.039" classname="testScripts.Motorcycle.SendQuote"/>
  <testcase name="verifyIsPhoneVisible" time="0.063" classname="testScripts.Motorcycle.SendQuote"/>
  <testcase name="enterandVerifySendQuotesPage" time="12.740" classname="testScripts.Motorcycle.SendQuote"/>
  <testcase name="verifyIsNewcamperinsuranceVisible" time="0.048" classname="testScripts.Motorcycle.SendQuote"/>
  <testcase name="verifyIsPrevVisible" time="0.067" classname="testScripts.Motorcycle.SendQuote"/>
  <testcase name="verifyIsUsernameVisible" time="0.045" classname="testScripts.Motorcycle.SendQuote"/>
  <testcase name="verifyIsNewautomobileinsuranceVisible" time="0.122" classname="testScripts.Motorcycle.SendQuote"/>
  <testcase name="verifyIsNewtruckinsuranceVisible" time="0.091" classname="testScripts.Motorcycle.SendQuote"/>
  <testcase name="verifyIsPasswordVisible" time="0.051" classname="testScripts.Motorcycle.SendQuote"/>
  <testcase name="verifyIsConfirmpasswordVisible" time="0.042" classname="testScripts.Motorcycle.SendQuote"/>
  <testcase name="verifyIsCommentsVisible" time="0.042" classname="testScripts.Motorcycle.SendQuote"/>
  <testcase name="verifyIsMainpageVisible" time="0.057" classname="testScripts.Motorcycle.SendQuote"/>
  <testcase name="verifyIsSendemailVisible" time="0.053" classname="testScripts.Motorcycle.SendQuote"/>
</testsuite> <!-- testScripts.Motorcycle.SendQuote -->
