<?xml version="1.0" encoding="UTF-8"?>
<!-- Generated by org.testng.reporters.JUnitReportReporter -->
<testsuite hostname="a" name="testScripts.HomePage.HomePage" tests="16" failures="0" timestamp="21 Aug 2020 08:28:58 GMT" time="149.708" errors="0">
  <testcase name="verifyIsHomepageVisible" time="25.993" classname="testScripts.HomePage.HomePage"/>
  <testcase name="verifyIsTricentis_productsClickable" time="9.260" classname="testScripts.HomePage.HomePage"/>
  <testcase name="verifyIsTricentis_aboutClickable" time="14.202" classname="testScripts.HomePage.HomePage"/>
  <testcase name="verifyIsTricentis_servicesClickable" time="6.304" classname="testScripts.HomePage.HomePage"/>
  <testcase name="verifyIsVisitsupportClickable" time="17.961" classname="testScripts.HomePage.HomePage"/>
  <testcase name="verifyIsAutomobileClickable" time="4.020" classname="testScripts.HomePage.HomePage"/>
  <testcase name="verifyHomepagetext" time="1.777" classname="testScripts.HomePage.HomePage"/>
  <testcase name="verifyIsTruckClickable" time="3.245" classname="testScripts.HomePage.HomePage"/>
  <testcase name="verifyIsNav_facebookClickable" time="4.556" classname="testScripts.HomePage.HomePage"/>
  <testcase name="verifyIsMotorcycleClickable" time="3.387" classname="testScripts.HomePage.HomePage"/>
  <testcase name="verifyIsSearchsupportClickable" time="28.754" classname="testScripts.HomePage.HomePage"/>
  <testcase name="verifyIsTricentis_resourcesClickable" time="9.146" classname="testScripts.HomePage.HomePage"/>
  <testcase name="verifyIsTricentis_eventsClickable" time="8.378" classname="testScripts.HomePage.HomePage"/>
  <testcase name="verifyIsCamperClickable" time="3.874" classname="testScripts.HomePage.HomePage"/>
  <testcase name="verifyIsNav_twitterClickable" time="4.459" classname="testScripts.HomePage.HomePage"/>
  <testcase name="verifyIsNav_googleClickable" time="4.392" classname="testScripts.HomePage.HomePage"/>
</testsuite> <!-- testScripts.HomePage.HomePage -->
