<?xml version="1.0" encoding="UTF-8"?>
<!-- Generated by org.testng.reporters.JUnitReportReporter -->
<testsuite hostname="a" name="testScripts.Motorcycle.SendQuote" tests="13" failures="0" timestamp="21 Aug 2020 08:28:58 GMT" time="9.749" errors="0">
  <testcase name="verifyIsConfirmpasswordVisible" time="0.030" classname="testScripts.Motorcycle.SendQuote"/>
  <testcase name="verifyIsEmailVisible" time="0.031" classname="testScripts.Motorcycle.SendQuote"/>
  <testcase name="verifyIsMainpageVisible" time="0.029" classname="testScripts.Motorcycle.SendQuote"/>
  <testcase name="verifyIsPhoneVisible" time="0.031" classname="testScripts.Motorcycle.SendQuote"/>
  <testcase name="verifyIsPrevVisible" time="0.031" classname="testScripts.Motorcycle.SendQuote"/>
  <testcase name="verifyIsNewcamperinsuranceVisible" time="0.028" classname="testScripts.Motorcycle.SendQuote"/>
  <testcase name="verifyIsSendemailVisible" time="0.027" classname="testScripts.Motorcycle.SendQuote"/>
  <testcase name="verifyIsNewtruckinsuranceVisible" time="0.030" classname="testScripts.Motorcycle.SendQuote"/>
  <testcase name="verifyIsUsernameVisible" time="0.028" classname="testScripts.Motorcycle.SendQuote"/>
  <testcase name="verifyIsNewautomobileinsuranceVisible" time="0.030" classname="testScripts.Motorcycle.SendQuote"/>
  <testcase name="verifyIsCommentsVisible" time="0.027" classname="testScripts.Motorcycle.SendQuote"/>
  <testcase name="verifyIsPasswordVisible" time="0.031" classname="testScripts.Motorcycle.SendQuote"/>
  <testcase name="enterandVerifySendQuotesPage" time="9.396" classname="testScripts.Motorcycle.SendQuote"/>
</testsuite> <!-- testScripts.Motorcycle.SendQuote -->
