<?xml version="1.0" encoding="UTF-8"?>
<!-- Generated by org.testng.reporters.JUnitReportReporter -->
<testsuite hostname="a" name="testScripts.Motorcycle.SelectPriceOption" tests="5" failures="0" timestamp="21 Aug 2020 11:36:54 GMT" time="3.604" errors="0">
  <testcase name="verifyIsSelectpriceoption1text" time="0.377" classname="testScripts.Motorcycle.SelectPriceOption"/>
  <testcase name="verifyIsSelectpriceoptiontext" time="0.818" classname="testScripts.Motorcycle.SelectPriceOption"/>
  <testcase name="verifyIsSelectpriceoptionClickable" time="1.334" classname="testScripts.Motorcycle.SelectPriceOption"/>
  <testcase name="verifyIsSelectpriceoption1Clickable" time="0.254" classname="testScripts.Motorcycle.SelectPriceOption"/>
  <testcase name="verifyIsSelectpriceoptionVisible" time="0.821" classname="testScripts.Motorcycle.SelectPriceOption"/>
</testsuite> <!-- testScripts.Motorcycle.SelectPriceOption -->
