<?xml version="1.0" encoding="UTF-8"?>
<!-- Generated by org.testng.reporters.JUnitReportReporter -->
<testsuite hostname="a" name="Modules.AssurantHealth.TestScript.TC_Verify_Purchase_Functionality" tests="3" failures="0" timestamp="9 Oct 2020 05:43:05 GMT" time="679.208" errors="0">
  <testcase name="f" time="149.891" classname="Modules.AssurantHealth.TestScript.TC_Verify_Purchase_Functionality"/>
  <testcase name="f" time="385.961" classname="Modules.AssurantHealth.TestScript.TC_Verify_Purchase_Functionality"/>
  <testcase name="f" time="143.356" classname="Modules.AssurantHealth.TestScript.TC_Verify_Purchase_Functionality"/>
</testsuite> <!-- Modules.AssurantHealth.TestScript.TC_Verify_Purchase_Functionality -->
