<?xml version="1.0" encoding="UTF-8"?>
<!-- Generated by org.testng.reporters.JUnitReportReporter -->
<testsuite hostname="a" name="testNgAttributes.TestNGParameters" tests="1" failures="0" timestamp="8 Aug 2020 07:25:28 GMT" time="0.033" errors="0">
  <testcase name="launchBrowser" time="0.033" classname="testNgAttributes.TestNGParameters"/>
</testsuite> <!-- testNgAttributes.TestNGParameters -->
